http://ftp.frugalware.org/pub/frugalware/frugalware-current/source/base/kernel/bootsplash-3.1.6-2.6.14.diff
http://ftp.frugalware.org/pub/frugalware/frugalware-current/frugalware-i686/bash-3.0-6-i686.fpm
http://www.busybox.net/downloads/busybox-1.00.tar.gz
http://ftp.frugalware.org/pub/frugalware/frugalware-current/frugalware-i686/dhcpcd-1.3.22pl4-3-i686.fpm
http://ftp.frugalware.org/pub/frugalware/frugalware-current/frugalware-i686/dialog-1.0_20051030-1-i686.fpm
http://ftp.frugalware.org/pub/frugalware/frugalware-current/frugalware-i686/e2fsprogs-1.38-1-i686.fpm
http://ftp.frugalware.org/pub/frugalware/frugalware-current/frugalware-i686/eject-2.1.0-1-i686.fpm
http://ftp.frugalware.org/pub/frugalware/frugalware-current/frugalware-i686/frugalware-0.3-3-i686.fpm
http://ftp.frugalware.org/pub/frugalware/frugalware-current/frugalware-i686/glibc-2.3.5-3-i686.fpm
http://ftp.frugalware.org/pub/frugalware/frugalware-current/frugalware-i686/kbd-1.12-12-i686.fpm
http://ftp.frugalware.org/pub/frugalware/frugalware-current/source/base/kernel/linux-2.6.14.tar.bz2
http://ftp.frugalware.org/pub/frugalware/frugalware-current/frugalware-i686/lynx-2.8.5-3-i686.fpm
http://ftp.frugalware.org/pub/frugalware/frugalware-current/frugalware-i686/module-init-tools-3.1-6-i686.fpm
http://ftp.frugalware.org/pub/frugalware/frugalware-current/frugalware-i686/ncurses-5.4-2-i686.fpm
http://ftp.frugalware.org/pub/frugalware/frugalware-current/frugalware-i686/netkit-base-0.17-3-i686.fpm
http://ftp.frugalware.org/pub/frugalware/frugalware-current/frugalware-i686/net-tools-1.60-12-i686.fpm
http://ftp.frugalware.org/pub/frugalware/frugalware-current/frugalware-i686/pacman-2.9.7-5-i686.fpm
http://ftp.frugalware.org/pub/frugalware/frugalware-current/frugalware-i686/reiserfsprogs-3.6.19-2-i686.fpm
http://ftp.frugalware.org/pub/frugalware/frugalware-current/source/base/udev/udev-068.tar.gz
http://ftp.frugalware.org/pub/frugalware/frugalware-current/frugalware-i686/util-linux-2.12-18-i686.fpm
http://ftp.frugalware.org/pub/frugalware/frugalware-current/frugalware-i686/mdadm-2.1-1-i686.fpm
http://ftp.frugalware.org/pub/frugalware/frugalware-current/frugalware-i686/xfsprogs-2.6.36-1-i686.fpm
http://ftp.frugalware.org/pub/frugalware/frugalware-current/frugalware-i686/ppp-2.4.3-5-i686.fpm
http://ftp.frugalware.org/pub/frugalware/frugalware-current/frugalware-i686/rp-pppoe-3.6-2-i686.fpm
