http://ftp.frugalware.org/pub/frugalware/frugalware-current/source/base/kernel/bootsplash-3.1.6-2.6.13.diff
http://ftp.frugalware.org/pub/frugalware/frugalware-current/frugalware-x86_64/bash-3.0-6-x86_64.fpm
http://www.busybox.net/downloads/busybox-1.00.tar.gz
http://ftp.frugalware.org/pub/frugalware/frugalware-current/frugalware-x86_64/dhcpcd-1.3.22pl4-2-x86_64.fpm
http://ftp.frugalware.org/pub/frugalware/frugalware-current/frugalware-x86_64/dialog-1.0_20050911-1-x86_64.fpm
http://ftp.frugalware.org/pub/frugalware/frugalware-current/frugalware-x86_64/e2fsprogs-1.38-1-x86_64.fpm
http://ftp.frugalware.org/pub/frugalware/frugalware-current/frugalware-x86_64/eject-2.1.0-1-x86_64.fpm
http://ftp.frugalware.org/pub/frugalware/frugalware-current/frugalware-x86_64/frugalware-0.3rc1-1-x86_64.fpm
http://ftp.frugalware.org/pub/frugalware/frugalware-current/frugalware-x86_64/glibc-2.3.5-3-x86_64.fpm
http://ftp.frugalware.org/pub/frugalware/frugalware-current/frugalware-x86_64/kbd-1.12-9-x86_64.fpm
http://ftp.frugalware.org/pub/frugalware/frugalware-current/source/base/kernel/linux-2.6.13.tar.bz2
http://ftp.frugalware.org/pub/frugalware/frugalware-current/frugalware-x86_64/lynx-2.8.5-2-x86_64.fpm
http://ftp.frugalware.org/pub/frugalware/frugalware-current/frugalware-x86_64/module-init-tools-3.1-6-x86_64.fpm
http://ftp.frugalware.org/pub/frugalware/frugalware-current/frugalware-x86_64/ncurses-5.4-2-x86_64.fpm
http://ftp.frugalware.org/pub/frugalware/frugalware-current/frugalware-x86_64/netkit-base-0.17-3-x86_64.fpm
http://ftp.frugalware.org/pub/frugalware/frugalware-current/frugalware-x86_64/net-tools-1.60-12-x86_64.fpm
http://ftp.frugalware.org/pub/frugalware/frugalware-current/frugalware-x86_64/pacman-2.9.7-3-x86_64.fpm
http://ftp.frugalware.org/pub/frugalware/frugalware-current/frugalware-x86_64/reiserfsprogs-3.6.19-2-x86_64.fpm
http://ftp.frugalware.org/pub/frugalware/frugalware-current/source/base/udev/udev-068.tar.gz
http://ftp.frugalware.org/pub/frugalware/frugalware-current/frugalware-x86_64/util-linux-2.12-17-x86_64.fpm
http://ftp.frugalware.org/pub/frugalware/frugalware-current/frugalware-x86_64/mdadm-2.0-1-x86_64.fpm
http://ftp.frugalware.org/pub/frugalware/frugalware-current/frugalware-x86_64/xfsprogs-2.6.36-1-x86_64.fpm
http://ftp.frugalware.org/pub/frugalware/frugalware-current/frugalware-x86_64/ppp-2.4.3-5-x86_64.fpm
http://ftp.frugalware.org/pub/frugalware/frugalware-current/frugalware-x86_64/rp-pppoe-3.6-2-x86_64.fpm
