http://ftp.frugalware.org/pub/frugalware/frugalware-current/source/base/kernel/linux-2.6.11-2.6.11.7.diff
http://ftp.frugalware.org/pub/frugalware/frugalware-current/source/base/kernel/linux-2.6-seg-5.patch
http://ftp.frugalware.org/pub/frugalware/frugalware-current/source/base/kernel/bootsplash-3.1.4-2.6.11.diff
http://ftp.frugalware.org/pub/frugalware/frugalware-current/frugalware/bash-3.0-6.fpm
http://www.busybox.net/downloads/busybox-1.00.tar.gz
http://ftp.frugalware.org/pub/frugalware/frugalware-current/frugalware/dhcpcd-1.3.22pl4-2.fpm
http://ftp.frugalware.org/pub/frugalware/frugalware-current/frugalware/dialog-1.0_20050306-1.fpm
http://ftp.frugalware.org/pub/frugalware/frugalware-current/frugalware/e2fsprogs-1.37-1.fpm
http://ftp.frugalware.org/pub/frugalware/frugalware-current/frugalware/eject-2.0.13-2.fpm
http://ftp.frugalware.org/pub/frugalware/frugalware-current/frugalware/frugalware-0.2-1.fpm
http://ftp.frugalware.org/pub/frugalware/frugalware-current/frugalware/glibc-2.3.5-1.fpm
http://ftp.frugalware.org/pub/frugalware/frugalware-current/frugalware/kbd-1.12-9.fpm
http://ftp.frugalware.org/pub/frugalware/frugalware-current/source/base/kernel/linux-2.6.11.tar.bz2
http://ftp.frugalware.org/pub/frugalware/frugalware-current/frugalware/lynx-2.8.5-2.fpm
http://ftp.frugalware.org/pub/frugalware/frugalware-current/frugalware/module-init-tools-3.1-4.fpm
http://ftp.frugalware.org/pub/frugalware/frugalware-current/frugalware/ncurses-5.4-2.fpm
http://ftp.frugalware.org/pub/frugalware/frugalware-current/frugalware/netkit-base-0.17-3.fpm
http://ftp.frugalware.org/pub/frugalware/frugalware-current/frugalware/net-tools-1.60-10.fpm
http://ftp.frugalware.org/pub/frugalware/frugalware-current/frugalware/pacman-2.9.5-8.fpm
http://ftp.frugalware.org/pub/frugalware/frugalware-current/frugalware/reiserfsprogs-3.6.19-2.fpm
http://ftp.frugalware.org/pub/frugalware/frugalware-current/source/base/udev/udev-057.tar.gz
http://ftp.frugalware.org/pub/frugalware/frugalware-current/frugalware/util-linux-2.12-15.fpm
